<?xml version="1.0" encoding="UTF-8"?>
<!-- Generated by org.testng.reporters.JUnitXMLReporter -->
<testsuite ignored="0" hostname="DEMON-PC" failures="1" tests="4" name="Test" time="48.867" errors="0" timestamp="2024-09-06T08:49:57 IST">
  <testcase classname="testCases.SubmitOrderTest" name="submitOrder" time="18.598"/>
  <testcase classname="testCases.SubmitOrderTest" name="OrderHistory" time="2.604"/>
  <testcase classname="testCases.ErrorValidationTest" name="LoginErrorValidation" time="2.123"/>
  <testcase classname="testCases.ErrorValidationTest" name="ProductErrorValidation" time="4.472">
    <failure type="java.lang.AssertionError" message="expected [true] but found [false]">
      <![CDATA[java.lang.AssertionError: expected [true] but found [false]
at testCases.ErrorValidationTest.ProductErrorValidation(ErrorValidationTest.java:29)
at java.base/java.util.ArrayList.forEach(ArrayList.java:1597)
... Removed 29 stack frames]]>
    </failure>
  </testcase> <!-- ProductErrorValidation -->
</testsuite> <!-- Test -->
