<?xml version="1.0" encoding="UTF-8"?>
<!-- Generated by org.testng.reporters.JUnitXMLReporter -->
<testsuite ignored="2" hostname="DEMON-PC" failures="0" tests="2" name="Submit Order Test" time="24.688" errors="0" timestamp="2024-09-05T17:07:27 IST">
  <testcase classname="testCases.ErrorValidationTest" name="LoginErrorValidation" time="1.172"/>
  <testcase classname="testCases.ErrorValidationTest" name="ProductErrorValidation" time="14.379"/>
  <testcase classname="testCases.SubmitOrderTest" name="submitOrder" time="0.0">
    <ignored/>
  </testcase> <!-- submitOrder -->
  <testcase classname="testCases.SubmitOrderTest" name="OrderHistory" time="0.0">
    <ignored/>
  </testcase> <!-- OrderHistory -->
</testsuite> <!-- Submit Order Test -->
