<?xml version="1.0" encoding="UTF-8"?>
<testng-results ignored="0" total="4" passed="4" failed="0" skipped="0">
  <reporter-output>
  </reporter-output>
  <suite started-at="2024-09-06T08:41:21 IST" name="Suite" finished-at="2024-09-06T08:42:29 IST" duration-ms="67946">
    <groups>
      <group name="ErrorHandling">
        <method signature="ErrorValidationTest.LoginErrorValidation()[pri:0, instance:testCases.ErrorValidationTest@3d3e5463]" name="LoginErrorValidation" class="testCases.ErrorValidationTest"/>
        <method signature="ErrorValidationTest.ProductErrorValidation()[pri:0, instance:testCases.ErrorValidationTest@3d3e5463]" name="ProductErrorValidation" class="testCases.ErrorValidationTest"/>
      </group> <!-- ErrorHandling -->
    </groups>
    <test started-at="2024-09-06T08:41:21 IST" name="Test" finished-at="2024-09-06T08:42:29 IST" duration-ms="67946">
      <class name="testCases.ErrorValidationTest">
        <test-method is-config="true" signature="launchApplication()[pri:0, instance:testCases.ErrorValidationTest@3d3e5463]" started-at="2024-09-06T08:41:58 IST" name="launchApplication" finished-at="2024-09-06T08:42:03 IST" duration-ms="5842" status="PASS">
          <reporter-output>
          </reporter-output>
        </test-method> <!-- launchApplication -->
        <test-method signature="LoginErrorValidation()[pri:0, instance:testCases.ErrorValidationTest@3d3e5463]" started-at="2024-09-06T08:42:03 IST" name="LoginErrorValidation" finished-at="2024-09-06T08:42:06 IST" duration-ms="2836" status="PASS">
          <reporter-output>
          </reporter-output>
        </test-method> <!-- LoginErrorValidation -->
        <test-method is-config="true" signature="tearDown()[pri:0, instance:testCases.ErrorValidationTest@3d3e5463]" started-at="2024-09-06T08:42:06 IST" name="tearDown" finished-at="2024-09-06T08:42:07 IST" duration-ms="305" status="PASS">
          <reporter-output>
          </reporter-output>
        </test-method> <!-- tearDown -->
        <test-method is-config="true" signature="launchApplication()[pri:0, instance:testCases.ErrorValidationTest@3d3e5463]" started-at="2024-09-06T08:42:07 IST" name="launchApplication" finished-at="2024-09-06T08:42:13 IST" duration-ms="6017" status="PASS">
          <reporter-output>
          </reporter-output>
        </test-method> <!-- launchApplication -->
        <test-method signature="ProductErrorValidation()[pri:0, instance:testCases.ErrorValidationTest@3d3e5463]" started-at="2024-09-06T08:42:13 IST" name="ProductErrorValidation" finished-at="2024-09-06T08:42:29 IST" duration-ms="16203" status="PASS">
          <reporter-output>
          </reporter-output>
        </test-method> <!-- ProductErrorValidation -->
        <test-method is-config="true" signature="tearDown()[pri:0, instance:testCases.ErrorValidationTest@3d3e5463]" started-at="2024-09-06T08:42:29 IST" name="tearDown" finished-at="2024-09-06T08:42:29 IST" duration-ms="230" status="PASS">
          <reporter-output>
          </reporter-output>
        </test-method> <!-- tearDown -->
      </class> <!-- testCases.ErrorValidationTest -->
      <class name="testCases.SubmitOrderTest">
        <test-method is-config="true" signature="launchApplication()[pri:0, instance:testCases.SubmitOrderTest@5d066c7d]" started-at="2024-09-06T08:41:21 IST" name="launchApplication" finished-at="2024-09-06T08:41:27 IST" duration-ms="6053" status="PASS">
          <reporter-output>
          </reporter-output>
        </test-method> <!-- launchApplication -->
        <test-method signature="submitOrder()[pri:0, instance:testCases.SubmitOrderTest@5d066c7d]" started-at="2024-09-06T08:41:27 IST" name="submitOrder" finished-at="2024-09-06T08:41:47 IST" duration-ms="19633" status="PASS">
          <reporter-output>
          </reporter-output>
        </test-method> <!-- submitOrder -->
        <test-method is-config="true" signature="tearDown()[pri:0, instance:testCases.SubmitOrderTest@5d066c7d]" started-at="2024-09-06T08:41:47 IST" name="tearDown" finished-at="2024-09-06T08:41:47 IST" duration-ms="389" status="PASS">
          <reporter-output>
          </reporter-output>
        </test-method> <!-- tearDown -->
        <test-method is-config="true" signature="launchApplication()[pri:0, instance:testCases.SubmitOrderTest@5d066c7d]" started-at="2024-09-06T08:41:47 IST" name="launchApplication" finished-at="2024-09-06T08:41:54 IST" duration-ms="6675" status="PASS">
          <reporter-output>
          </reporter-output>
        </test-method> <!-- launchApplication -->
        <test-method signature="OrderHistory()[pri:0, instance:testCases.SubmitOrderTest@5d066c7d]" started-at="2024-09-06T08:41:54 IST" name="OrderHistory" finished-at="2024-09-06T08:41:57 IST" depends-on-methods="testCases.SubmitOrderTest.submitOrder" duration-ms="3299" status="PASS">
          <reporter-output>
          </reporter-output>
        </test-method> <!-- OrderHistory -->
        <test-method is-config="true" signature="tearDown()[pri:0, instance:testCases.SubmitOrderTest@5d066c7d]" started-at="2024-09-06T08:41:57 IST" name="tearDown" finished-at="2024-09-06T08:41:58 IST" duration-ms="342" status="PASS">
          <reporter-output>
          </reporter-output>
        </test-method> <!-- tearDown -->
      </class> <!-- testCases.SubmitOrderTest -->
    </test> <!-- Test -->
  </suite> <!-- Suite -->
</testng-results>
